# JRE version: OpenJDK Runtime Environment Temurin-17.0.10+7 (17.0.10+7) (build 17.0.10+7)
# Java VM: OpenJDK 64-Bit Server VM Temurin-17.0.10+7 (17.0.10+7, mixed mode, emulated-client, tiered, compressed oops, compressed class ptrs, g1 gc, windows-amd64)
GC Precious Log:
 CPUs: 12 total, 12 available
 Memory: 7962M
 Large Page Support: Disabled
 NUMA Support: Disabled
 Compressed Oops: Enabled (32-bit)
 Heap Region Size: 1M
 Heap Min Capacity: 8M
 Heap Initial Capacity: 126M
 Heap Max Capacity: 1G
 Pre-touch: Disabled
 Parallel Workers: 10
 Concurrent Workers: 3
 Concurrent Refinement Workers: 10
 Periodic GC: Disabled
Heap:
 garbage-first heap   total 95232K, used 39573K [0x00000000c0000000, 0x0000000100000000)
  region size 1024K, 1 young (1024K), 0 survivors (0K)
 Metaspace       used 59923K, committed 60480K, reserved 1114112K
  class space    used 7471K, committed 7680K, reserved 1048576K
GC Heap History (20 events):
Event: 14563.120 GC heap before
{Heap before GC invocations=1231 (full 1202):
 garbage-first heap   total 95232K, used 39573K [0x00000000c0000000, 0x0000000100000000)
  region size 1024K, 1 young (1024K), 0 survivors (0K)
 Metaspace       used 59923K, committed 60480K, reserved 1114112K
  class space    used 7471K, committed 7680K, reserved 1048576K
}
Event: 14563.147 GC heap after
{Heap after GC invocations=1232 (full 1203):
 garbage-first heap   total 95232K, used 39573K [0x00000000c0000000, 0x0000000100000000)
  region size 1024K, 0 young (0K), 0 survivors (0K)
 Metaspace       used 59923K, committed 60480K, reserved 1114112K
  class space    used 7471K, committed 7680K, reserved 1048576K
}
Event: 14573.311 GC heap before
{Heap before GC invocations=1232 (full 1203):
 garbage-first heap   total 95232K, used 39573K [0x00000000c0000000, 0x0000000100000000)
  region size 1024K, 1 young (1024K), 0 survivors (0K)
 Metaspace       used 59923K, committed 60480K, reserved 1114112K
  class space    used 7471K, committed 7680K, reserved 1048576K
}
Event: 14573.345 GC heap after
{Heap after GC invocations=1233 (full 1204):
 garbage-first heap   total 95232K, used 39573K [0x00000000c0000000, 0x0000000100000000)
  region size 1024K, 0 young (0K), 0 survivors (0K)
 Metaspace       used 59923K, committed 60480K, reserved 1114112K
  class space    used 7471K, committed 7680K, reserved 1048576K
}
Event: 14583.464 GC heap before
{Heap before GC invocations=1233 (full 1204):
 garbage-first heap   total 95232K, used 39573K [0x00000000c0000000, 0x0000000100000000)
  region size 1024K, 1 young (1024K), 0 survivors (0K)
 Metaspace       used 59923K, committed 60480K, reserved 1114112K
  class space    used 7471K, committed 7680K, reserved 1048576K
}
Event: 14583.495 GC heap after
{Heap after GC invocations=1234 (full 1205):
 garbage-first heap   total 95232K, used 39573K [0x00000000c0000000, 0x0000000100000000)
  region size 1024K, 0 young (0K), 0 survivors (0K)
 Metaspace       used 59923K, committed 60480K, reserved 1114112K
  class space    used 7471K, committed 7680K, reserved 1048576K
}
Event: 14593.625 GC heap before
{Heap before GC invocations=1234 (full 1205):
 garbage-first heap   total 95232K, used 39573K [0x00000000c0000000, 0x0000000100000000)
  region size 1024K, 1 young (1024K), 0 survivors (0K)
 Metaspace       used 59923K, committed 60480K, reserved 1114112K
  class space    used 7471K, committed 7680K, reserved 1048576K
}
Event: 14593.657 GC heap after
{Heap after GC invocations=1235 (full 1206):
 garbage-first heap   total 95232K, used 39573K [0x00000000c0000000, 0x0000000100000000)
  region size 1024K, 0 young (0K), 0 survivors (0K)
 Metaspace       used 59923K, committed 60480K, reserved 1114112K
  class space    used 7471K, committed 7680K, reserved 1048576K
}
Event: 14603.782 GC heap before
{Heap before GC invocations=1235 (full 1206):
 garbage-first heap   total 95232K, used 39573K [0x00000000c0000000, 0x0000000100000000)
  region size 1024K, 1 young (1024K), 0 survivors (0K)
 Metaspace       used 59923K, committed 60480K, reserved 1114112K
  class space    used 7471K, committed 7680K, reserved 1048576K
}
Event: 14603.811 GC heap after
{Heap after GC invocations=1236 (full 1207):
 garbage-first heap   total 95232K, used 39573K [0x00000000c0000000, 0x0000000100000000)
  region size 1024K, 0 young (0K), 0 survivors (0K)
 Metaspace       used 59923K, committed 60480K, reserved 1114112K
  class space    used 7471K, committed 7680K, reserved 1048576K
}
Event: 14613.934 GC heap before
{Heap before GC invocations=1236 (full 1207):
 garbage-first heap   total 95232K, used 39573K [0x00000000c0000000, 0x0000000100000000)
  region size 1024K, 1 young (1024K), 0 survivors (0K)
 Metaspace       used 59923K, committed 60480K, reserved 1114112K
  class space    used 7471K, committed 7680K, reserved 1048576K
}
Event: 14613.959 GC heap after
{Heap after GC invocations=1237 (full 1208):
 garbage-first heap   total 95232K, used 39573K [0x00000000c0000000, 0x0000000100000000)
  region size 1024K, 0 young (0K), 0 survivors (0K)
 Metaspace       used 59923K, committed 60480K, reserved 1114112K
  class space    used 7471K, committed 7680K, reserved 1048576K
}
Event: 14624.091 GC heap before
{Heap before GC invocations=1237 (full 1208):
 garbage-first heap   total 95232K, used 39573K [0x00000000c0000000, 0x0000000100000000)
  region size 1024K, 1 young (1024K), 0 survivors (0K)
 Metaspace       used 59923K, committed 60480K, reserved 1114112K
  class space    used 7471K, committed 7680K, reserved 1048576K
}
Event: 14624.119 GC heap after
{Heap after GC invocations=1238 (full 1209):
 garbage-first heap   total 95232K, used 39573K [0x00000000c0000000, 0x0000000100000000)
  region size 1024K, 0 young (0K), 0 survivors (0K)
 Metaspace       used 59923K, committed 60480K, reserved 1114112K
  class space    used 7471K, committed 7680K, reserved 1048576K
}
Event: 14634.252 GC heap before
{Heap before GC invocations=1238 (full 1209):
 garbage-first heap   total 95232K, used 39573K [0x00000000c0000000, 0x0000000100000000)
  region size 1024K, 1 young (1024K), 0 survivors (0K)
 Metaspace       used 59923K, committed 60480K, reserved 1114112K
  class space    used 7471K, committed 7680K, reserved 1048576K
}
Event: 14634.285 GC heap after
{Heap after GC invocations=1239 (full 1210):
 garbage-first heap   total 95232K, used 39573K [0x00000000c0000000, 0x0000000100000000)
  region size 1024K, 0 young (0K), 0 survivors (0K)
 Metaspace       used 59923K, committed 60480K, reserved 1114112K
  class space    used 7471K, committed 7680K, reserved 1048576K
}
Event: 14644.416 GC heap before
{Heap before GC invocations=1239 (full 1210):
 garbage-first heap   total 95232K, used 39573K [0x00000000c0000000, 0x0000000100000000)
  region size 1024K, 1 young (1024K), 0 survivors (0K)
 Metaspace       used 59923K, committed 60480K, reserved 1114112K
  class space    used 7471K, committed 7680K, reserved 1048576K
}
Event: 14644.444 GC heap after
{Heap after GC invocations=1240 (full 1211):
 garbage-first heap   total 95232K, used 39573K [0x00000000c0000000, 0x0000000100000000)
  region size 1024K, 0 young (0K), 0 survivors (0K)
 Metaspace       used 59923K, committed 60480K, reserved 1114112K
  class space    used 7471K, committed 7680K, reserved 1048576K
}
Event: 14654.581 GC heap before
{Heap before GC invocations=1240 (full 1211):
 garbage-first heap   total 95232K, used 39573K [0x00000000c0000000, 0x0000000100000000)
  region size 1024K, 1 young (1024K), 0 survivors (0K)
 Metaspace       used 59923K, committed 60480K, reserved 1114112K
  class space    used 7471K, committed 7680K, reserved 1048576K
}
Event: 14654.609 GC heap after
{Heap after GC invocations=1241 (full 1212):
 garbage-first heap   total 95232K, used 39573K [0x00000000c0000000, 0x0000000100000000)
  region size 1024K, 0 young (0K), 0 survivors (0K)
 Metaspace       used 59923K, committed 60480K, reserved 1114112K
  class space    used 7471K, committed 7680K, reserved 1048576K
}

